#
# A fatal error has been detected by the Java Runtime Environment:
#
#  EXCEPTION_ACCESS_VIOLATION (0xc0000005) at pc=0x00000000424d7373, pid=2492, tid=5548
#
# JRE version: Java(TM) SE Runtime Environment (18.0.1.1+2) (build 18.0.1.1+2-6)
# Java VM: Java HotSpot(TM) 64-Bit Server VM (18.0.1.1+2-6, mixed mode, sharing, tiered, compressed oops, compressed class ptrs, g1 gc, windows-amd64)
# Problematic frame:
# C  0x00000000424d7373
#
# No core dump will be written. Minidumps are not enabled by default on client versions of Windows
#
# If you would like to submit a bug report, please visit:
#   https://bugreport.java.com/bugreport/crash.jsp
#

---------------  S U M M A R Y ------------

Command Line: -Dfile.encoding=UTF-8 -XX:+ShowCodeDetailsInExceptionMessages com.mindgate.main._Spring_Boot_API.Application

Host: Intel(R) Core(TM) i5-4440 CPU @ 3.10GHz, 4 cores, 15G,  Windows 10 , 64 bit Build 19041 (10.0.19041.1706)
Time: Mon Sep  5 16:04:45 2022 India Standard Time elapsed time: 571.475938 seconds (0d 0h 9m 31s)

---------------  T H R E A D  ---------------

Current thread (0x00000265f844ed60):  JavaThread "C2 CompilerThread0" daemon [_thread_in_native, id=5548, stack(0x0000009a90800000,0x0000009a90900000)]


Current CompileTask:
C2: 571475 7299   !   4       java.lang.reflect.Executable::sharedToString (138 bytes)

Stack: [0x0000009a90800000,0x0000009a90900000],  sp=0x0000009a908fb348,  free space=1004k
Native frames: (J=compiled Java code, j=interpreted, Vv=VM code, C=native code)
C  0x00000000424d7373


siginfo: EXCEPTION_ACCESS_VIOLATION (0xc0000005), data execution prevention violation at address 0x00000000424d7373


Register to memory mapping:

RIP=0x00000000424d7373 is an unknown value
RAX=0x00007ffe14db4f30 jvm.dll
RBX=0x00000265fdff3cf0 points into unknown readable memory: 0x00007ffe14cf6240 | 40 62 cf 14 fe 7f 00 00
RCX=0x00000265fc9e6c40 points into unknown readable memory: 0x00007ffe14cb4f30 | 30 4f cb 14 fe 7f 00 00
RDX=0x0000000000000002 is an unknown value
RSP=0x0000009a908fb348 is pointing into the stack for thread: 0x00000265f844ed60
RBP=0x0000009a908fb450 is pointing into the stack for thread: 0x00000265f844ed60
RSI=0x0000000000000001 is an unknown value
RDI=0x00000265fc9e6c40 points into unknown readable memory: 0x00007ffe14cb4f30 | 30 4f cb 14 fe 7f 00 00
R8 =0x0000009a908fb4c0 is pointing into the stack for thread: 0x00000265f844ed60
R9 =0x0000026580d45f70 points into unknown readable memory: 0x000000007fff7fff | ff 7f ff 7f 00 00 00 00
R10=0x00000265fe3c6a60 points into unknown readable memory: 0x00000265fc9e6cf8 | f8 6c 9e fc 65 02 00 00
R11=0x00000265ff5f3640 points into unknown readable memory: 0x0000000000000000 | 00 00 00 00 00 00 00 00
R12=0x00000000000003d8 is an unknown value
R13=0x0000009a908fb960 is pointing into the stack for thread: 0x00000265f844ed60
R14=0x0000009a908fb4c0 is pointing into the stack for thread: 0x00000265f844ed60
R15=0x0 is NULL


Registers:
RAX=0x00007ffe14db4f30, RBX=0x00000265fdff3cf0, RCX=0x00000265fc9e6c40, RDX=0x0000000000000002
RSP=0x0000009a908fb348, RBP=0x0000009a908fb450, RSI=0x0000000000000001, RDI=0x00000265fc9e6c40
R8 =0x0000009a908fb4c0, R9 =0x0000026580d45f70, R10=0x00000265fe3c6a60, R11=0x00000265ff5f3640
R12=0x00000000000003d8, R13=0x0000009a908fb960, R14=0x0000009a908fb4c0, R15=0x0000000000000000
RIP=0x00000000424d7373, EFLAGS=0x0000000000010293

Top of Stack: (sp=0x0000009a908fb348)
0x0000009a908fb348:   00007ffe14974084 00000265fc9e6db0
0x0000009a908fb358:   00000265fc9e7080 00000265d602b8d0
0x0000009a908fb368:   00000265fc9e7080 0000009a908fb4c0
0x0000009a908fb378:   00000265fe3c6b18 0000009a908fb528
0x0000009a908fb388:   00000000000015ac 0000000200000001
0x0000009a908fb398:   00000265f844b060 0000009a00000004
0x0000009a908fb3a8:   00000265ff5f3640 0000000000000000
0x0000009a908fb3b8:   00000265d602b920 00000265f844b060
0x0000009a908fb3c8:   00007ffe00000004 00000265ff5f3620
0x0000009a908fb3d8:   0000000000000000 00000265d602b8f0
0x0000009a908fb3e8:   0000000000000340 00000265f844b060
0x0000009a908fb3f8:   00000265fdfdce50 0000000000000000
0x0000009a908fb408:   0000000000000000 0000000000000000
0x0000009a908fb418:   0000000000000000 00000265fce98270
0x0000009a908fb428:   0000000000000040 00000265f844b060
0x0000009a908fb438:   0000000000000000 0000026580d45f70 

Instructions: (pc=0x00000000424d7373)
0x00000000424d7273:   ?? ?? ?? ?? ?? ?? ?? ?? ?? ?? ?? ?? ?? ?? ?? ??
0x00000000424d7283:   ?? ?? ?? ?? ?? ?? ?? ?? ?? ?? ?? ?? ?? ?? ?? ??
0x00000000424d7293:   ?? ?? ?? ?? ?? ?? ?? ?? ?? ?? ?? ?? ?? ?? ?? ??
0x00000000424d72a3:   ?? ?? ?? ?? ?? ?? ?? ?? ?? ?? ?? ?? ?? ?? ?? ??
0x00000000424d72b3:   ?? ?? ?? ?? ?? ?? ?? ?? ?? ?? ?? ?? ?? ?? ?? ??
0x00000000424d72c3:   ?? ?? ?? ?? ?? ?? ?? ?? ?? ?? ?? ?? ?? ?? ?? ??
0x00000000424d72d3:   ?? ?? ?? ?? ?? ?? ?? ?? ?? ?? ?? ?? ?? ?? ?? ??
0x00000000424d72e3:   ?? ?? ?? ?? ?? ?? ?? ?? ?? ?? ?? ?? ?? ?? ?? ??
0x00000000424d72f3:   ?? ?? ?? ?? ?? ?? ?? ?? ?? ?? ?? ?? ?? ?? ?? ??
0x00000000424d7303:   ?? ?? ?? ?? ?? ?? ?? ?? ?? ?? ?? ?? ?? ?? ?? ??
0x00000000424d7313:   ?? ?? ?? ?? ?? ?? ?? ?? ?? ?? ?? ?? ?? ?? ?? ??
0x00000000424d7323:   ?? ?? ?? ?? ?? ?? ?? ?? ?? ?? ?? ?? ?? ?? ?? ??
0x00000000424d7333:   ?? ?? ?? ?? ?? ?? ?? ?? ?? ?? ?? ?? ?? ?? ?? ??
0x00000000424d7343:   ?? ?? ?? ?? ?? ?? ?? ?? ?? ?? ?? ?? ?? ?? ?? ??
0x00000000424d7353:   ?? ?? ?? ?? ?? ?? ?? ?? ?? ?? ?? ?? ?? ?? ?? ??
0x00000000424d7363:   ?? ?? ?? ?? ?? ?? ?? ?? ?? ?? ?? ?? ?? ?? ?? ??
0x00000000424d7373:   ?? ?? ?? ?? ?? ?? ?? ?? ?? ?? ?? ?? ?? ?? ?? ??
0x00000000424d7383:   ?? ?? ?? ?? ?? ?? ?? ?? ?? ?? ?? ?? ?? ?? ?? ??
0x00000000424d7393:   ?? ?? ?? ?? ?? ?? ?? ?? ?? ?? ?? ?? ?? ?? ?? ??
0x00000000424d73a3:   ?? ?? ?? ?? ?? ?? ?? ?? ?? ?? ?? ?? ?? ?? ?? ??
0x00000000424d73b3:   ?? ?? ?? ?? ?? ?? ?? ?? ?? ?? ?? ?? ?? ?? ?? ??
0x00000000424d73c3:   ?? ?? ?? ?? ?? ?? ?? ?? ?? ?? ?? ?? ?? ?? ?? ??
0x00000000424d73d3:   ?? ?? ?? ?? ?? ?? ?? ?? ?? ?? ?? ?? ?? ?? ?? ??
0x00000000424d73e3:   ?? ?? ?? ?? ?? ?? ?? ?? ?? ?? ?? ?? ?? ?? ?? ??
0x00000000424d73f3:   ?? ?? ?? ?? ?? ?? ?? ?? ?? ?? ?? ?? ?? ?? ?? ??
0x00000000424d7403:   ?? ?? ?? ?? ?? ?? ?? ?? ?? ?? ?? ?? ?? ?? ?? ??
0x00000000424d7413:   ?? ?? ?? ?? ?? ?? ?? ?? ?? ?? ?? ?? ?? ?? ?? ??
0x00000000424d7423:   ?? ?? ?? ?? ?? ?? ?? ?? ?? ?? ?? ?? ?? ?? ?? ??
0x00000000424d7433:   ?? ?? ?? ?? ?? ?? ?? ?? ?? ?? ?? ?? ?? ?? ?? ??
0x00000000424d7443:   ?? ?? ?? ?? ?? ?? ?? ?? ?? ?? ?? ?? ?? ?? ?? ??
0x00000000424d7453:   ?? ?? ?? ?? ?? ?? ?? ?? ?? ?? ?? ?? ?? ?? ?? ??
0x00000000424d7463:   ?? ?? ?? ?? ?? ?? ?? ?? ?? ?? ?? ?? ?? ?? ?? ?? 


Stack slot to memory mapping:
stack at sp + 0 slots: 0x00007ffe14974084 jvm.dll
stack at sp + 1 slots: 0x00000265fc9e6db0 points into unknown readable memory: 0x00007ffe14cf6240 | 40 62 cf 14 fe 7f 00 00
stack at sp + 2 slots: 0x00000265fc9e7080 points into unknown readable memory: 0x00007ffe14cf6240 | 40 62 cf 14 fe 7f 00 00
stack at sp + 3 slots: 0x00000265d602b8d0 points into unknown readable memory: 0x0000000000000000 | 00 00 00 00 00 00 00 00
stack at sp + 4 slots: 0x00000265fc9e7080 points into unknown readable memory: 0x00007ffe14cf6240 | 40 62 cf 14 fe 7f 00 00
stack at sp + 5 slots: 0x0000009a908fb4c0 is pointing into the stack for thread: 0x00000265f844ed60
stack at sp + 6 slots: 0x00000265fe3c6b18 points into unknown readable memory: 0x00007ffe14cb6fa0 | a0 6f cb 14 fe 7f 00 00
stack at sp + 7 slots: 0x0000009a908fb528 is pointing into the stack for thread: 0x00000265f844ed60


---------------  P R O C E S S  ---------------

Threads class SMR info:
_java_thread_list=0x00000265fe27a110, length=35, elements={
0x00000265f84304b0, 0x00000265f8431cc0, 0x00000265f844b760, 0x00000265f844d020,
0x00000265f844d8d0, 0x00000265f844e180, 0x00000265f844ed60, 0x00000265f84bd9a0,
0x00000265f84c2660, 0x00000265fc892c80, 0x00000265fc89f800, 0x00000265feb11040,
0x00000265feb12380, 0x00000265feb11510, 0x00000265ff4ca060, 0x00000265ff4ce3c0,
0x00000265fdec7f20, 0x00000265ff4cfbd0, 0x00000265ff4caed0, 0x00000265ff4cda20,
0x00000265ff4ca530, 0x00000265ff4ce890, 0x00000265ff4cdef0, 0x00000265ff4ccbb0,
0x00000265ff4d0a40, 0x00000265ff4d13e0, 0x00000265ff4d00a0, 0x00000265ff4d0570,
0x00000265ff4cbd40, 0x00000265ff4d18b0, 0x00000265ff4cb3a0, 0x00000265ff4cb870,
0x00000265ff4cd080, 0x00000265ff4ced60, 0x00000265ff4cf230
}

Java Threads: ( => current thread )
  0x00000265f84304b0 JavaThread "Reference Handler" daemon [_thread_blocked, id=7788, stack(0x0000009a90200000,0x0000009a90300000)]
  0x00000265f8431cc0 JavaThread "Finalizer" daemon [_thread_blocked, id=11776, stack(0x0000009a90300000,0x0000009a90400000)]
  0x00000265f844b760 JavaThread "Signal Dispatcher" daemon [_thread_blocked, id=11564, stack(0x0000009a90400000,0x0000009a90500000)]
  0x00000265f844d020 JavaThread "Attach Listener" daemon [_thread_blocked, id=2972, stack(0x0000009a90500000,0x0000009a90600000)]
  0x00000265f844d8d0 JavaThread "Service Thread" daemon [_thread_blocked, id=11856, stack(0x0000009a90600000,0x0000009a90700000)]
  0x00000265f844e180 JavaThread "Monitor Deflation Thread" daemon [_thread_blocked, id=4632, stack(0x0000009a90700000,0x0000009a90800000)]
=>0x00000265f844ed60 JavaThread "C2 CompilerThread0" daemon [_thread_in_native, id=5548, stack(0x0000009a90800000,0x0000009a90900000)]
  0x00000265f84bd9a0 JavaThread "C1 CompilerThread0" daemon [_thread_blocked, id=9652, stack(0x0000009a90900000,0x0000009a90a00000)]
  0x00000265f84c2660 JavaThread "Sweeper thread" daemon [_thread_blocked, id=13084, stack(0x0000009a90a00000,0x0000009a90b00000)]
  0x00000265fc892c80 JavaThread "Notification Thread" daemon [_thread_blocked, id=10488, stack(0x0000009a90b00000,0x0000009a90c00000)]
  0x00000265fc89f800 JavaThread "Common-Cleaner" daemon [_thread_blocked, id=1352, stack(0x0000009a90d00000,0x0000009a90e00000)]
  0x00000265feb11040 JavaThread "oracle.jdbc.driver.BlockSource.ThreadedCachingBlockSource.BlockReleaser" daemon [_thread_blocked, id=5580, stack(0x0000009a91800000,0x0000009a91900000)]
  0x00000265feb12380 JavaThread "InterruptTimer" daemon [_thread_blocked, id=13004, stack(0x0000009a91900000,0x0000009a91a00000)]
  0x00000265feb11510 JavaThread "Live Reload Server" daemon [_thread_in_native, id=11568, stack(0x0000009a91f00000,0x0000009a92000000)]
  0x00000265ff4ca060 JavaThread "DestroyJavaVM" [_thread_blocked, id=692, stack(0x0000009a8fb00000,0x0000009a8fc00000)]
  0x00000265ff4ce3c0 JavaThread "OJDBC-WORKER-THREAD-6" daemon [_thread_blocked, id=2648, stack(0x0000009a91a00000,0x0000009a91b00000)]
  0x00000265fdec7f20 JavaThread "C2 CompilerThread1" daemon [_thread_in_native, id=5004, stack(0x0000009a91400000,0x0000009a91500000)]
  0x00000265ff4cfbd0 JavaThread "Catalina-utility-1" [_thread_blocked, id=12300, stack(0x0000009a91500000,0x0000009a91600000)]
  0x00000265ff4caed0 JavaThread "Catalina-utility-2" [_thread_blocked, id=2260, stack(0x0000009a91600000,0x0000009a91700000)]
  0x00000265ff4cda20 JavaThread "container-0" [_thread_blocked, id=6772, stack(0x0000009a91700000,0x0000009a91800000)]
  0x00000265ff4ca530 JavaThread "HikariPool-9 housekeeper" daemon [_thread_blocked, id=11348, stack(0x0000009a91b00000,0x0000009a91c00000)]
  0x00000265ff4ce890 JavaThread "File Watcher" daemon [_thread_blocked, id=1888, stack(0x0000009a91c00000,0x0000009a91d00000)]
  0x00000265ff4cdef0 JavaThread "http-nio-8080-exec-1" daemon [_thread_blocked, id=13092, stack(0x0000009a91d00000,0x0000009a91e00000)]
  0x00000265ff4ccbb0 JavaThread "http-nio-8080-exec-2" daemon [_thread_blocked, id=12348, stack(0x0000009a91e00000,0x0000009a91f00000)]
  0x00000265ff4d0a40 JavaThread "http-nio-8080-exec-3" daemon [_thread_blocked, id=11708, stack(0x0000009a92000000,0x0000009a92100000)]
  0x00000265ff4d13e0 JavaThread "http-nio-8080-exec-4" daemon [_thread_blocked, id=10036, stack(0x0000009a92100000,0x0000009a92200000)]
  0x00000265ff4d00a0 JavaThread "http-nio-8080-exec-5" daemon [_thread_blocked, id=11092, stack(0x0000009a92200000,0x0000009a92300000)]
  0x00000265ff4d0570 JavaThread "http-nio-8080-exec-6" daemon [_thread_blocked, id=4564, stack(0x0000009a92300000,0x0000009a92400000)]
  0x00000265ff4cbd40 JavaThread "http-nio-8080-exec-7" daemon [_thread_blocked, id=2456, stack(0x0000009a92400000,0x0000009a92500000)]
  0x00000265ff4d18b0 JavaThread "http-nio-8080-exec-8" daemon [_thread_blocked, id=7084, stack(0x0000009a92500000,0x0000009a92600000)]
  0x00000265ff4cb3a0 JavaThread "http-nio-8080-exec-9" daemon [_thread_blocked, id=2376, stack(0x0000009a92600000,0x0000009a92700000)]
  0x00000265ff4cb870 JavaThread "http-nio-8080-exec-10" daemon [_thread_blocked, id=9832, stack(0x0000009a92700000,0x0000009a92800000)]
  0x00000265ff4cd080 JavaThread "http-nio-8080-Poller" daemon [_thread_in_native, id=4900, stack(0x0000009a92800000,0x0000009a92900000)]
  0x00000265ff4ced60 JavaThread "http-nio-8080-Acceptor" daemon [_thread_in_native, id=488, stack(0x0000009a92900000,0x0000009a92a00000)]
  0x00000265ff4cf230 JavaThread "HikariPool-9 connection adder" daemon [_thread_in_native, id=5836, stack(0x0000009a8f900000,0x0000009a8fa00000)]

Other Threads:
  0x00000265f842ce00 VMThread "VM Thread" [stack: 0x0000009a90100000,0x0000009a90200000] [id=13108]
  0x00000265fc89b580 WatcherThread "VM Periodic Task Thread" [stack: 0x0000009a90c00000,0x0000009a90d00000] [id=12084]
  0x00000265d5fd4700 WorkerThread "GC Thread#0" [stack: 0x0000009a8fc00000,0x0000009a8fd00000] [id=10452]
  0x00000265fd21db10 WorkerThread "GC Thread#1" [stack: 0x0000009a90e00000,0x0000009a90f00000] [id=10380]
  0x00000265fd21ddb0 WorkerThread "GC Thread#2" [stack: 0x0000009a90f00000,0x0000009a91000000] [id=12916]
  0x00000265fd21e050 WorkerThread "GC Thread#3" [stack: 0x0000009a91000000,0x0000009a91100000] [id=12456]
  0x00000265d5fe6390 ConcurrentGCThread "G1 Main Marker" [stack: 0x0000009a8fd00000,0x0000009a8fe00000] [id=10000]
  0x00000265d5fe8440 WorkerThread "G1 Conc#0" [stack: 0x0000009a8fe00000,0x0000009a8ff00000] [id=9144]
  0x00000265d6025da0 ConcurrentGCThread "G1 Refine#0" [stack: 0x0000009a8ff00000,0x0000009a90000000] [id=10152]
  0x00000265d6026d60 ConcurrentGCThread "G1 Service" [stack: 0x0000009a90000000,0x0000009a90100000] [id=9496]

Threads with active compile tasks:
C2 CompilerThread0   571542 7299   !   4       java.lang.reflect.Executable::sharedToString (138 bytes)
C2 CompilerThread1   571542 7320       4       oracle.jdbc.driver.T4C8TTIdty::marshalTypeReps (100 bytes)

VM state: not at safepoint (normal execution)

VM Mutex/Monitor currently owned by a thread: None

Heap address: 0x0000000701c00000, size: 4068 MB, Compressed Oops mode: Zero based, Oop shift amount: 3

CDS archive(s) mapped at: [0x0000000800000000-0x0000000800ba0000-0x0000000800ba0000), size 12189696, SharedBaseAddress: 0x0000000800000000, ArchiveRelocationMode: 0.
Compressed class space mapped at: 0x0000000800c00000-0x0000000840c00000, reserved size: 1073741824
Narrow klass base: 0x0000000800000000, Narrow klass shift: 0, Narrow klass range: 0x100000000

GC Precious Log:
 CardTable entry size: 512
 Card Set container configuration: InlinePtr #cards 4 size 8 Array Of Cards #cards 16 size 48 Howl #buckets 8 coarsen threshold 3686 Howl Bitmap #cards 512 size 80 coarsen threshold 460 Card regions per heap region 1 cards per card region 4096
 CPUs: 4 total, 4 available
 Memory: 16271M
 Large Page Support: Disabled
 NUMA Support: Disabled
 Compressed Oops: Enabled (Zero based)
 Heap Region Size: 2M
 Heap Min Capacity: 8M
 Heap Initial Capacity: 256M
 Heap Max Capacity: 4068M
 Pre-touch: Disabled
 Parallel Workers: 4
 Concurrent Workers: 1
 Concurrent Refinement Workers: 4
 Periodic GC: Disabled

Heap:
 garbage-first heap   total 55296K, used 29821K [0x0000000701c00000, 0x0000000800000000)
  region size 2048K, 9 young (18432K), 2 survivors (4096K)
 Metaspace       used 38145K, committed 38592K, reserved 1114112K
  class space    used 4389K, committed 4608K, reserved 1048576K

Heap Regions: E=young(eden), S=young(survivor), O=old, HS=humongous(starts), HC=humongous(continues), CS=collection set, F=free, OA=open archive, CA=closed archive, TAMS=top-at-mark-start (previous, next)
|   0|0x0000000701c00000, 0x0000000701e00000, 0x0000000701e00000|100%| O|  |TAMS 0x0000000701e00000, 0x0000000701c00000| Untracked 
|   1|0x0000000701e00000, 0x0000000702000000, 0x0000000702000000|100%| O|  |TAMS 0x0000000702000000, 0x0000000701e00000| Untracked 
|   2|0x0000000702000000, 0x00000007021fffd8, 0x0000000702200000| 99%| O|  |TAMS 0x00000007021fffd8, 0x0000000702000000| Untracked 
|   3|0x0000000702200000, 0x00000007023fffa0, 0x0000000702400000| 99%| O|  |TAMS 0x00000007023fffa0, 0x0000000702200000| Untracked 
|   4|0x0000000702400000, 0x0000000702600000, 0x0000000702600000|100%| O|  |TAMS 0x0000000702600000, 0x0000000702400000| Untracked 
|   5|0x0000000702600000, 0x00000007027ffff0, 0x0000000702800000| 99%| O|  |TAMS 0x00000007027ffff0, 0x0000000702600000| Untracked 
|   6|0x0000000702800000, 0x000000070298dca0, 0x0000000702a00000| 77%| O|  |TAMS 0x0000000702800000, 0x0000000702800000| Untracked 
|   7|0x0000000702a00000, 0x0000000702b5ae50, 0x0000000702c00000| 67%| O|  |TAMS 0x0000000702a00000, 0x0000000702a00000| Untracked 
|   8|0x0000000702c00000, 0x0000000702c00000, 0x0000000702e00000|  0%| F|  |TAMS 0x0000000702c00000, 0x0000000702c00000| Untracked 
|   9|0x0000000702e00000, 0x0000000702e00000, 0x0000000703000000|  0%| F|  |TAMS 0x0000000702e00000, 0x0000000702e00000| Untracked 
|  10|0x0000000703000000, 0x0000000703000000, 0x0000000703200000|  0%| F|  |TAMS 0x0000000703000000, 0x0000000703000000| Untracked 
|  11|0x0000000703200000, 0x0000000703200000, 0x0000000703400000|  0%| F|  |TAMS 0x0000000703200000, 0x0000000703200000| Untracked 
|  12|0x0000000703400000, 0x0000000703400000, 0x0000000703600000|  0%| F|  |TAMS 0x0000000703400000, 0x0000000703400000| Untracked 
|  13|0x0000000703600000, 0x0000000703636c30, 0x0000000703800000| 10%| S|CS|TAMS 0x0000000703600000, 0x0000000703600000| Complete 
|  14|0x0000000703800000, 0x0000000703a00000, 0x0000000703a00000|100%| S|CS|TAMS 0x0000000703800000, 0x0000000703800000| Complete 
|  15|0x0000000703a00000, 0x0000000703a00000, 0x0000000703c00000|  0%| F|  |TAMS 0x0000000703a00000, 0x0000000703a00000| Untracked 
|  16|0x0000000703c00000, 0x0000000703c00000, 0x0000000703e00000|  0%| F|  |TAMS 0x0000000703c00000, 0x0000000703c00000| Untracked 
|  17|0x0000000703e00000, 0x0000000703e00000, 0x0000000704000000|  0%| F|  |TAMS 0x0000000703e00000, 0x0000000703e00000| Untracked 
|  18|0x0000000704000000, 0x0000000704000000, 0x0000000704200000|  0%| F|  |TAMS 0x0000000704000000, 0x0000000704000000| Untracked 
|  19|0x0000000704200000, 0x0000000704200000, 0x0000000704400000|  0%| F|  |TAMS 0x0000000704200000, 0x0000000704200000| Untracked 
|  20|0x0000000704400000, 0x000000070448f5c0, 0x0000000704600000| 27%| E|  |TAMS 0x0000000704400000, 0x0000000704400000| Complete 
|  21|0x0000000704600000, 0x0000000704800000, 0x0000000704800000|100%| E|CS|TAMS 0x0000000704600000, 0x0000000704600000| Complete 
|  22|0x0000000704800000, 0x0000000704a00000, 0x0000000704a00000|100%| E|CS|TAMS 0x0000000704800000, 0x0000000704800000| Complete 
|  23|0x0000000704a00000, 0x0000000704c00000, 0x0000000704c00000|100%| E|CS|TAMS 0x0000000704a00000, 0x0000000704a00000| Complete 
|  24|0x0000000704c00000, 0x0000000704e00000, 0x0000000704e00000|100%| E|CS|TAMS 0x0000000704c00000, 0x0000000704c00000| Complete 
|  25|0x0000000704e00000, 0x0000000705000000, 0x0000000705000000|100%| E|CS|TAMS 0x0000000704e00000, 0x0000000704e00000| Complete 
|  35|0x0000000706200000, 0x0000000706400000, 0x0000000706400000|100%| E|CS|TAMS 0x0000000706200000, 0x0000000706200000| Complete 

Card table byte_map: [0x00000265ed0a0000,0x00000265ed8a0000] _byte_map_base: 0x00000265e9892000

Marking Bits (Prev, Next): (CMBitMap*) 0x00000265d5fd5c20, (CMBitMap*) 0x00000265d5fd5c60
 Prev Bits: [0x00000265ee0a0000, 0x00000265f2030000)
 Next Bits: [0x00000265f2030000, 0x00000265f5fc0000)

Polling page: 0x00000265d5730000

Metaspace:

Usage:
  Non-class:     32.97 MB used.
      Class:      4.29 MB used.
       Both:     37.25 MB used.

Virtual space:
  Non-class space:       64.00 MB reserved,      33.19 MB ( 52%) committed,  1 nodes.
      Class space:        1.00 GB reserved,       4.50 MB ( <1%) committed,  1 nodes.
             Both:        1.06 GB reserved,      37.69 MB (  3%) committed. 

Chunk freelists:
   Non-Class:  2.19 MB
       Class:  3.51 MB
        Both:  5.70 MB

MaxMetaspaceSize: unlimited
CompressedClassSpaceSize: 1.00 GB
Initial GC threshold: 21.00 MB
Current GC threshold: 62.81 MB
CDS: on
MetaspaceReclaimPolicy: balanced
 - commit_granule_bytes: 65536.
 - commit_granule_words: 8192.
 - virtual_space_node_default_size: 8388608.
 - enlarge_chunks_in_place: 1.
 - new_chunks_are_fully_committed: 0.
 - uncommit_free_chunks: 1.
 - use_allocation_guard: 0.


Internal statistics:

num_allocs_failed_limit: 6.
num_arena_births: 636.
num_arena_deaths: 14.
num_vsnodes_births: 2.
num_vsnodes_deaths: 0.
num_space_committed: 603.
num_space_uncommitted: 0.
num_chunks_returned_to_freelist: 21.
num_chunks_taken_from_freelist: 2048.
num_chunk_merges: 6.
num_chunk_splits: 1324.
num_chunks_enlarged: 974.
num_inconsistent_stats: 0.

CodeHeap 'non-profiled nmethods': size=120000Kb used=4425Kb max_used=4425Kb free=115574Kb
 bounds [0x00000265e5370000, 0x00000265e57d0000, 0x00000265ec8a0000]
CodeHeap 'profiled nmethods': size=120000Kb used=13881Kb max_used=13881Kb free=106118Kb
 bounds [0x00000265dde40000, 0x00000265debe0000, 0x00000265e5370000]
CodeHeap 'non-nmethods': size=5760Kb used=1263Kb max_used=1324Kb free=4496Kb
 bounds [0x00000265dd8a0000, 0x00000265ddb10000, 0x00000265dde40000]
 total_blobs=7022 nmethods=6462 adapters=470
 compilation: enabled
              stopped_count=0, restarted_count=0
 full_count=0

Compilation events (20 events):
Event: 571.380 Thread 0x00000265f84bd9a0 7303       3       org.springframework.data.convert.CustomConversions$StoreConversions::getRegistrationsFor (156 bytes)
Event: 571.382 Thread 0x00000265f84bd9a0 nmethod 7303 0x00000265debc0410 code [0x00000265debc0920, 0x00000265debc37f8]
Event: 571.382 Thread 0x00000265f84bd9a0 7305       3       java.util.WeakHashMap$HashIterator::nextEntry (81 bytes)
Event: 571.382 Thread 0x00000265f84bd9a0 nmethod 7305 0x00000265debc4410 code [0x00000265debc4600, 0x00000265debc4ba8]
Event: 571.382 Thread 0x00000265f84bd9a0 7304       3       org.springframework.data.convert.CustomConversions$StoreConversions::register (15 bytes)
Event: 571.382 Thread 0x00000265f84bd9a0 nmethod 7304 0x00000265debc4d90 code [0x00000265debc4f40, 0x00000265debc5108]
Event: 571.382 Thread 0x00000265f84bd9a0 7306       3       java.util.HashSet::toArray (18 bytes)
Event: 571.382 Thread 0x00000265f84bd9a0 nmethod 7306 0x00000265debc5210 code [0x00000265debc53c0, 0x00000265debc56e8]
Event: 571.395 Thread 0x00000265f84bd9a0 7309       3       org.apache.tomcat.util.threads.ThreadPoolExecutor::workerCountOf (5 bytes)
Event: 571.395 Thread 0x00000265f84bd9a0 nmethod 7309 0x00000265de258e10 code [0x00000265de258fa0, 0x00000265de259098]
Event: 571.395 Thread 0x00000265f84bd9a0 7310       3       java.security.AccessController::getContext (23 bytes)
Event: 571.395 Thread 0x00000265f84bd9a0 nmethod 7310 0x00000265debc5810 code [0x00000265debc59e0, 0x00000265debc5cb8]
Event: 571.395 Thread 0x00000265f84bd9a0 7311       3       java.net.InetSocketAddress::<init> (32 bytes)
Event: 571.396 Thread 0x00000265f84bd9a0 nmethod 7311 0x00000265debc5e10 code [0x00000265debc6000, 0x00000265debc6538]
Event: 571.396 Thread 0x00000265f84bd9a0 7312       3       java.net.SocketAddress::<init> (5 bytes)
Event: 571.396 Thread 0x00000265f84bd9a0 nmethod 7312 0x00000265debc6710 code [0x00000265debc68a0, 0x00000265debc69f8]
Event: 571.396 Thread 0x00000265f84bd9a0 7313   !   3       org.springframework.context.event.AbstractApplicationEventMulticaster::retrieveApplicationListeners (415 bytes)
Event: 571.399 Thread 0x00000265f84bd9a0 nmethod 7313 0x00000265debc6a90 code [0x00000265debc7060, 0x00000265debcb008]
Event: 571.399 Thread 0x00000265f84bd9a0 7314       3       org.springframework.aop.support.AopUtils::getTargetClass (53 bytes)
Event: 571.400 Thread 0x00000265f84bd9a0 nmethod 7314 0x00000265debcc710 code [0x00000265debcc960, 0x00000265debcd4a8]

GC Heap History (20 events):
Event: 334.866 GC heap before
{Heap before GC invocations=18 (full 3):
 garbage-first heap   total 55296K, used 18224K [0x0000000701c00000, 0x0000000800000000)
  region size 2048K, 3 young (6144K), 2 survivors (4096K)
 Metaspace       used 37455K, committed 37952K, reserved 1114112K
  class space    used 4372K, committed 4608K, reserved 1048576K
}
Event: 334.901 GC heap after
{Heap after GC invocations=19 (full 4):
 garbage-first heap   total 55296K, used 15100K [0x0000000701c00000, 0x0000000800000000)
  region size 2048K, 0 young (0K), 0 survivors (0K)
 Metaspace       used 37452K, committed 37952K, reserved 1114112K
  class space    used 4371K, committed 4608K, reserved 1048576K
}
Event: 335.155 GC heap before
{Heap before GC invocations=19 (full 4):
 garbage-first heap   total 55296K, used 39676K [0x0000000701c00000, 0x0000000800000000)
  region size 2048K, 12 young (24576K), 0 survivors (0K)
 Metaspace       used 37540K, committed 38016K, reserved 1114112K
  class space    used 4374K, committed 4608K, reserved 1048576K
}
Event: 335.158 GC heap after
{Heap after GC invocations=20 (full 4):
 garbage-first heap   total 55296K, used 17430K [0x0000000701c00000, 0x0000000800000000)
  region size 2048K, 2 young (4096K), 2 survivors (4096K)
 Metaspace       used 37540K, committed 38016K, reserved 1114112K
  class space    used 4374K, committed 4608K, reserved 1048576K
}
Event: 395.699 GC heap before
{Heap before GC invocations=20 (full 4):
 garbage-first heap   total 55296K, used 35862K [0x0000000701c00000, 0x0000000800000000)
  region size 2048K, 12 young (24576K), 2 survivors (4096K)
 Metaspace       used 37631K, committed 38144K, reserved 1114112K
  class space    used 4376K, committed 4608K, reserved 1048576K
}
Event: 395.729 GC heap after
{Heap after GC invocations=21 (full 5):
 garbage-first heap   total 55296K, used 15147K [0x0000000701c00000, 0x0000000800000000)
  region size 2048K, 0 young (0K), 0 survivors (0K)
 Metaspace       used 37628K, committed 38144K, reserved 1114112K
  class space    used 4376K, committed 4608K, reserved 1048576K
}
Event: 396.013 GC heap before
{Heap before GC invocations=21 (full 5):
 garbage-first heap   total 55296K, used 39723K [0x0000000701c00000, 0x0000000800000000)
  region size 2048K, 12 young (24576K), 0 survivors (0K)
 Metaspace       used 37726K, committed 38208K, reserved 1114112K
  class space    used 4378K, committed 4608K, reserved 1048576K
}
Event: 396.015 GC heap after
{Heap after GC invocations=22 (full 5):
 garbage-first heap   total 55296K, used 17664K [0x0000000701c00000, 0x0000000800000000)
  region size 2048K, 2 young (4096K), 2 survivors (4096K)
 Metaspace       used 37726K, committed 38208K, reserved 1114112K
  class space    used 4378K, committed 4608K, reserved 1048576K
}
Event: 538.951 GC heap before
{Heap before GC invocations=22 (full 5):
 garbage-first heap   total 55296K, used 36096K [0x0000000701c00000, 0x0000000800000000)
  region size 2048K, 12 young (24576K), 2 survivors (4096K)
 Metaspace       used 37821K, committed 38336K, reserved 1114112K
  class space    used 4380K, committed 4608K, reserved 1048576K
}
Event: 538.989 GC heap after
{Heap after GC invocations=23 (full 6):
 garbage-first heap   total 55296K, used 15186K [0x0000000701c00000, 0x0000000800000000)
  region size 2048K, 0 young (0K), 0 survivors (0K)
 Metaspace       used 37819K, committed 38336K, reserved 1114112K
  class space    used 4379K, committed 4608K, reserved 1048576K
}
Event: 539.226 GC heap before
{Heap before GC invocations=23 (full 6):
 garbage-first heap   total 55296K, used 39762K [0x0000000701c00000, 0x0000000800000000)
  region size 2048K, 12 young (24576K), 0 survivors (0K)
 Metaspace       used 37863K, committed 38400K, reserved 1114112K
  class space    used 4381K, committed 4608K, reserved 1048576K
}
Event: 539.229 GC heap after
{Heap after GC invocations=24 (full 6):
 garbage-first heap   total 55296K, used 17679K [0x0000000701c00000, 0x0000000800000000)
  region size 2048K, 2 young (4096K), 2 survivors (4096K)
 Metaspace       used 37863K, committed 38400K, reserved 1114112K
  class space    used 4381K, committed 4608K, reserved 1048576K
}
Event: 558.049 GC heap before
{Heap before GC invocations=24 (full 6):
 garbage-first heap   total 55296K, used 34063K [0x0000000701c00000, 0x0000000800000000)
  region size 2048K, 11 young (22528K), 2 survivors (4096K)
 Metaspace       used 37937K, committed 38400K, reserved 1114112K
  class space    used 4383K, committed 4608K, reserved 1048576K
}
Event: 558.081 GC heap after
{Heap after GC invocations=25 (full 7):
 garbage-first heap   total 55296K, used 15227K [0x0000000701c00000, 0x0000000800000000)
  region size 2048K, 0 young (0K), 0 survivors (0K)
 Metaspace       used 37934K, committed 38400K, reserved 1114112K
  class space    used 4382K, committed 4608K, reserved 1048576K
}
Event: 558.313 GC heap before
{Heap before GC invocations=25 (full 7):
 garbage-first heap   total 55296K, used 39803K [0x0000000701c00000, 0x0000000800000000)
  region size 2048K, 12 young (24576K), 0 survivors (0K)
 Metaspace       used 37995K, committed 38464K, reserved 1114112K
  class space    used 4385K, committed 4608K, reserved 1048576K
}
Event: 558.316 GC heap after
{Heap after GC invocations=26 (full 7):
 garbage-first heap   total 55296K, used 17605K [0x0000000701c00000, 0x0000000800000000)
  region size 2048K, 2 young (4096K), 2 survivors (4096K)
 Metaspace       used 37995K, committed 38464K, reserved 1114112K
  class space    used 4385K, committed 4608K, reserved 1048576K
}
Event: 571.038 GC heap before
{Heap before GC invocations=26 (full 7):
 garbage-first heap   total 55296K, used 33989K [0x0000000701c00000, 0x0000000800000000)
  region size 2048K, 11 young (22528K), 2 survivors (4096K)
 Metaspace       used 38063K, committed 38592K, reserved 1114112K
  class space    used 4388K, committed 4608K, reserved 1048576K
}
Event: 571.072 GC heap after
{Heap after GC invocations=27 (full 8):
 garbage-first heap   total 55296K, used 15266K [0x0000000701c00000, 0x0000000800000000)
  region size 2048K, 0 young (0K), 0 survivors (0K)
 Metaspace       used 38060K, committed 38592K, reserved 1114112K
  class space    used 4387K, committed 4608K, reserved 1048576K
}
Event: 571.308 GC heap before
{Heap before GC invocations=27 (full 8):
 garbage-first heap   total 55296K, used 39842K [0x0000000701c00000, 0x0000000800000000)
  region size 2048K, 12 young (24576K), 0 survivors (0K)
 Metaspace       used 38104K, committed 38592K, reserved 1114112K
  class space    used 4388K, committed 4608K, reserved 1048576K
}
Event: 571.311 GC heap after
{Heap after GC invocations=28 (full 8):
 garbage-first heap   total 55296K, used 17533K [0x0000000701c00000, 0x0000000800000000)
  region size 2048K, 2 young (4096K), 2 survivors (4096K)
 Metaspace       used 38104K, committed 38592K, reserved 1114112K
  class space    used 4388K, committed 4608K, reserved 1048576K
}

Deoptimization events (20 events):
Event: 558.301 Thread 0x00000265ff4ca530 Uncommon trap: trap_request=0xffffffbe fr.pc=0x00000265e576ad3c relative=0x0000000000001fdc
Event: 558.301 Thread 0x00000265ff4ca530 Uncommon trap: reason=profile_predicate action=maybe_recompile pc=0x00000265e576ad3c method=org.springframework.core.annotation.TypeMappedAnnotation.asMap(Ljava/util/function/Function;[Lorg/springframework/core/annotation/MergedAnnotation$Adapt;)Ljava/uti
Event: 558.301 Thread 0x00000265ff4ca530 DEOPT PACKING pc=0x00000265e576ad3c sp=0x0000009a913fd870
Event: 558.301 Thread 0x00000265ff4ca530 DEOPT UNPACKING pc=0x00000265dd8f23a3 sp=0x0000009a913fd880 mode 2
Event: 558.302 Thread 0x00000265ff4ca530 Uncommon trap: trap_request=0xffffffbe fr.pc=0x00000265e576ad3c relative=0x0000000000001fdc
Event: 558.302 Thread 0x00000265ff4ca530 Uncommon trap: reason=profile_predicate action=maybe_recompile pc=0x00000265e576ad3c method=org.springframework.core.annotation.TypeMappedAnnotation.asMap(Ljava/util/function/Function;[Lorg/springframework/core/annotation/MergedAnnotation$Adapt;)Ljava/uti
Event: 558.302 Thread 0x00000265ff4ca530 DEOPT PACKING pc=0x00000265e576ad3c sp=0x0000009a913fd870
Event: 558.302 Thread 0x00000265ff4ca530 DEOPT UNPACKING pc=0x00000265dd8f23a3 sp=0x0000009a913fd880 mode 2
Event: 558.303 Thread 0x00000265ff4ca530 Uncommon trap: trap_request=0xffffffbe fr.pc=0x00000265e576ad3c relative=0x0000000000001fdc
Event: 558.303 Thread 0x00000265ff4ca530 Uncommon trap: reason=profile_predicate action=maybe_recompile pc=0x00000265e576ad3c method=org.springframework.core.annotation.TypeMappedAnnotation.asMap(Ljava/util/function/Function;[Lorg/springframework/core/annotation/MergedAnnotation$Adapt;)Ljava/uti
Event: 558.303 Thread 0x00000265ff4ca530 DEOPT PACKING pc=0x00000265e576ad3c sp=0x0000009a913fd870
Event: 558.303 Thread 0x00000265ff4ca530 DEOPT UNPACKING pc=0x00000265dd8f23a3 sp=0x0000009a913fd880 mode 2
Event: 570.986 Thread 0x00000265ff4cbd40 Uncommon trap: trap_request=0xffffff45 fr.pc=0x00000265e5707bb8 relative=0x0000000000000658
Event: 570.986 Thread 0x00000265ff4cbd40 Uncommon trap: reason=unstable_if action=reinterpret pc=0x00000265e5707bb8 method=org.springframework.boot.devtools.filewatch.FileSnapshot.equals(Ljava/lang/Object;)Z @ 93 c2
Event: 570.986 Thread 0x00000265ff4cbd40 DEOPT PACKING pc=0x00000265e5707bb8 sp=0x0000009a91bfee10
Event: 570.986 Thread 0x00000265ff4cbd40 DEOPT UNPACKING pc=0x00000265dd8f23a3 sp=0x0000009a91bfedd0 mode 2
Event: 571.253 Thread 0x00000265ff4cf230 DEOPT PACKING pc=0x00000265dde55b96 sp=0x0000009a913fe840
Event: 571.253 Thread 0x00000265ff4cf230 DEOPT UNPACKING pc=0x00000265dd8f2b43 sp=0x0000009a913fdca8 mode 0
Event: 571.274 Thread 0x00000265ff4cf230 DEOPT PACKING pc=0x00000265de1afea6 sp=0x0000009a913fd4c0
Event: 571.274 Thread 0x00000265ff4cf230 DEOPT UNPACKING pc=0x00000265dd8f2b43 sp=0x0000009a913fca20 mode 0

Classes loaded (20 events):
Event: 69.805 Loading class sun/net/NetProperties
Event: 69.805 Loading class sun/net/NetProperties done
Event: 69.805 Loading class sun/net/NetProperties$1
Event: 69.805 Loading class sun/net/NetProperties$1 done
Event: 69.828 Loading class sun/net/spi/DefaultProxySelector$NonProxyInfo
Event: 69.828 Loading class sun/net/spi/DefaultProxySelector$NonProxyInfo done
Event: 69.828 Loading class sun/net/spi/DefaultProxySelector$3
Event: 69.829 Loading class sun/net/spi/DefaultProxySelector$3 done
Event: 69.833 Loading class java/util/WeakHashMap$KeyIterator
Event: 69.834 Loading class java/util/WeakHashMap$KeyIterator done
Event: 69.834 Loading class java/util/concurrent/locks/AbstractQueuedSynchronizer$SharedNode
Event: 69.834 Loading class java/util/concurrent/locks/AbstractQueuedSynchronizer$SharedNode done
Event: 69.841 Loading class javax/management/ObjectName$PatternProperty
Event: 69.841 Loading class javax/management/ObjectName$PatternProperty done
Event: 69.888 Loading class java/lang/ref/Finalizer$2
Event: 69.888 Loading class java/lang/ref/Finalizer$2 done
Event: 69.889 Loading class java/lang/ref/Finalizer$1
Event: 69.889 Loading class java/lang/ref/Finalizer$1 done
Event: 70.597 Loading class jdk/internal/access/foreign/MemorySegmentProxy
Event: 70.597 Loading class jdk/internal/access/foreign/MemorySegmentProxy done

Classes unloaded (7 events):
Event: 225.240 Thread 0x00000265f842ce00 Unloading class 0x000000080106c800 'org/apache/catalina/loader/JdbcLeakPrevention'
Event: 319.768 Thread 0x00000265f842ce00 Unloading class 0x0000000801071c00 'org/apache/catalina/loader/JdbcLeakPrevention'
Event: 334.883 Thread 0x00000265f842ce00 Unloading class 0x0000000801073800 'org/apache/catalina/loader/JdbcLeakPrevention'
Event: 395.711 Thread 0x00000265f842ce00 Unloading class 0x0000000801076800 'org/apache/catalina/loader/JdbcLeakPrevention'
Event: 538.969 Thread 0x00000265f842ce00 Unloading class 0x0000000801078000 'org/apache/catalina/loader/JdbcLeakPrevention'
Event: 558.062 Thread 0x00000265f842ce00 Unloading class 0x0000000801079800 'org/apache/catalina/loader/JdbcLeakPrevention'
Event: 571.052 Thread 0x00000265f842ce00 Unloading class 0x000000080107a800 'org/apache/catalina/loader/JdbcLeakPrevention'

Classes redefined (0 events):
No events

Internal exceptions (20 events):
Event: 558.252 Thread 0x00000265ff4ca530 Exception <a 'java/lang/NoClassDefFoundError'{0x00000007043cd318}: org/springframework/session/jdbc/JdbcIndexedSessionRepository> (0x00000007043cd318) 
thrown [s\open\src\hotspot\share\oops\constantPool.cpp, line 836]
Event: 558.274 Thread 0x00000265ff4ca530 Exception <a 'sun/nio/fs/WindowsException'{0x0000000703f99ac8}> (0x0000000703f99ac8) 
thrown [s\open\src\hotspot\share\prims\jni.cpp, line 516]
Event: 558.274 Thread 0x00000265ff4ca530 Exception <a 'sun/nio/fs/WindowsException'{0x0000000703f9a130}> (0x0000000703f9a130) 
thrown [s\open\src\hotspot\share\prims\jni.cpp, line 516]
Event: 558.274 Thread 0x00000265ff4ca530 Exception <a 'sun/nio/fs/WindowsException'{0x0000000703f9a808}> (0x0000000703f9a808) 
thrown [s\open\src\hotspot\share\prims\jni.cpp, line 516]
Event: 558.283 Thread 0x00000265ff4ca530 Exception <a 'java/io/FileNotFoundException'{0x0000000703fc4cd8}> (0x0000000703fc4cd8) 
thrown [s\open\src\hotspot\share\prims\jni.cpp, line 516]
Event: 558.293 Thread 0x00000265ff4ca530 Exception <a 'java/io/FileNotFoundException'{0x0000000703ca2b28}> (0x0000000703ca2b28) 
thrown [s\open\src\hotspot\share\prims\jni.cpp, line 516]
Event: 571.012 Thread 0x00000265ff4d00a0 Exception <a 'java/lang/InterruptedException'{0x000000070411a600}: sleep interrupted> (0x000000070411a600) 
thrown [s\open\src\hotspot\share\prims\jvm.cpp, line 3083]
Event: 571.079 Thread 0x00000265ff4cf230 Exception <a 'sun/nio/fs/WindowsException'{0x000000070626f728}> (0x000000070626f728) 
thrown [s\open\src\hotspot\share\prims\jni.cpp, line 516]
Event: 571.234 Thread 0x00000265ff4cf230 Exception <a 'java/lang/NoClassDefFoundError'{0x0000000704392a88}: org/flywaydb/core/Flyway> (0x0000000704392a88) 
thrown [s\open\src\hotspot\share\oops\constantPool.cpp, line 836]
Event: 571.234 Thread 0x00000265ff4cf230 Exception <a 'java/lang/NoClassDefFoundError'{0x00000007043930d8}: liquibase/integration/spring/SpringLiquibase> (0x00000007043930d8) 
thrown [s\open\src\hotspot\share\oops\constantPool.cpp, line 836]
Event: 571.237 Thread 0x00000265ff4cf230 Exception <a 'java/lang/NoClassDefFoundError'{0x00000007043cc420}: org/jooq/DSLContext> (0x00000007043cc420) 
thrown [s\open\src\hotspot\share\oops\constantPool.cpp, line 836]
Event: 571.237 Thread 0x00000265ff4cf230 Exception <a 'java/lang/NoClassDefFoundError'{0x00000007043cdad0}: javax/persistence/EntityManagerFactory> (0x00000007043cdad0) 
thrown [s\open\src\hotspot\share\oops\constantPool.cpp, line 836]
Event: 571.237 Thread 0x00000265ff4cf230 Exception <a 'java/lang/NoClassDefFoundError'{0x00000007043ce130}: org/springframework/batch/core/repository/JobRepository> (0x00000007043ce130) 
thrown [s\open\src\hotspot\share\oops\constantPool.cpp, line 836]
Event: 571.237 Thread 0x00000265ff4cf230 Exception <a 'java/lang/NoClassDefFoundError'{0x00000007043ce778}: org/quartz/Scheduler> (0x00000007043ce778) 
thrown [s\open\src\hotspot\share\oops\constantPool.cpp, line 836]
Event: 571.237 Thread 0x00000265ff4cf230 Exception <a 'java/lang/NoClassDefFoundError'{0x00000007043cede8}: org/springframework/session/jdbc/JdbcIndexedSessionRepository> (0x00000007043cede8) 
thrown [s\open\src\hotspot\share\oops\constantPool.cpp, line 836]
Event: 571.259 Thread 0x00000265ff4cf230 Exception <a 'sun/nio/fs/WindowsException'{0x0000000703f8f7d0}> (0x0000000703f8f7d0) 
thrown [s\open\src\hotspot\share\prims\jni.cpp, line 516]
Event: 571.259 Thread 0x00000265ff4cf230 Exception <a 'sun/nio/fs/WindowsException'{0x0000000703f8fe38}> (0x0000000703f8fe38) 
thrown [s\open\src\hotspot\share\prims\jni.cpp, line 516]
Event: 571.259 Thread 0x00000265ff4cf230 Exception <a 'sun/nio/fs/WindowsException'{0x0000000703f90510}> (0x0000000703f90510) 
thrown [s\open\src\hotspot\share\prims\jni.cpp, line 516]
Event: 571.274 Thread 0x00000265ff4cf230 Exception <a 'java/io/FileNotFoundException'{0x0000000703fbac18}> (0x0000000703fbac18) 
thrown [s\open\src\hotspot\share\prims\jni.cpp, line 516]
Event: 571.288 Thread 0x00000265ff4cf230 Exception <a 'java/io/FileNotFoundException'{0x0000000703c988f0}> (0x0000000703c988f0) 
thrown [s\open\src\hotspot\share\prims\jni.cpp, line 516]

VM Operations (20 events):
Event: 396.012 Executing VM operation: G1CollectForAllocation
Event: 396.015 Executing VM operation: G1CollectForAllocation done
Event: 398.029 Executing VM operation: Cleanup
Event: 398.029 Executing VM operation: Cleanup done
Event: 538.951 Executing VM operation: G1CollectFull
Event: 538.989 Executing VM operation: G1CollectFull done
Event: 539.226 Executing VM operation: G1CollectForAllocation
Event: 539.229 Executing VM operation: G1CollectForAllocation done
Event: 540.229 Executing VM operation: Cleanup
Event: 540.230 Executing VM operation: Cleanup done
Event: 558.049 Executing VM operation: G1CollectFull
Event: 558.082 Executing VM operation: G1CollectFull done
Event: 558.313 Executing VM operation: G1CollectForAllocation
Event: 558.316 Executing VM operation: G1CollectForAllocation done
Event: 559.326 Executing VM operation: Cleanup
Event: 559.326 Executing VM operation: Cleanup done
Event: 571.038 Executing VM operation: G1CollectFull
Event: 571.072 Executing VM operation: G1CollectFull done
Event: 571.308 Executing VM operation: G1CollectForAllocation
Event: 571.311 Executing VM operation: G1CollectForAllocation done

Events (20 events):
Event: 571.289 Thread 0x00000265ff4caed0 Thread added: 0x00000265ff4caed0
Event: 571.289 Thread 0x00000265ff4cda20 Thread added: 0x00000265ff4cda20
Event: 571.378 Thread 0x00000265ff4cb3a0 Thread added: 0x00000265ff4cb3a0
Event: 571.379 Thread 0x00000265ff4cb3a0 Thread exited: 0x00000265ff4cb3a0
Event: 571.379 Thread 0x00000265ff4ca530 Thread added: 0x00000265ff4ca530
Event: 571.391 Thread 0x00000265ff4ce890 Thread added: 0x00000265ff4ce890
Event: 571.394 Thread 0x00000265ff4cdef0 Thread added: 0x00000265ff4cdef0
Event: 571.394 Thread 0x00000265ff4ccbb0 Thread added: 0x00000265ff4ccbb0
Event: 571.394 Thread 0x00000265ff4d0a40 Thread added: 0x00000265ff4d0a40
Event: 571.395 Thread 0x00000265ff4d13e0 Thread added: 0x00000265ff4d13e0
Event: 571.395 Thread 0x00000265ff4d00a0 Thread added: 0x00000265ff4d00a0
Event: 571.395 Thread 0x00000265ff4d0570 Thread added: 0x00000265ff4d0570
Event: 571.395 Thread 0x00000265ff4cbd40 Thread added: 0x00000265ff4cbd40
Event: 571.395 Thread 0x00000265ff4d18b0 Thread added: 0x00000265ff4d18b0
Event: 571.395 Thread 0x00000265ff4cb3a0 Thread added: 0x00000265ff4cb3a0
Event: 571.395 Thread 0x00000265ff4cb870 Thread added: 0x00000265ff4cb870
Event: 571.396 Thread 0x00000265ff4cd080 Thread added: 0x00000265ff4cd080
Event: 571.396 Thread 0x00000265ff4ced60 Thread added: 0x00000265ff4ced60
Event: 571.400 Thread 0x00000265ff4cf230 Thread exited: 0x00000265ff4cf230
Event: 571.400 Thread 0x00000265ff4cd550 Thread exited: 0x00000265ff4cd550


Dynamic libraries:
0x00007ff68ef10000 - 0x00007ff68ef20000 	C:\Program Files\Java\jdk-18.0.1.1\bin\javaw.exe
0x00007ffe8bef0000 - 0x00007ffe8c0e5000 	C:\WINDOWS\SYSTEM32\ntdll.dll
0x00007ffe8bd90000 - 0x00007ffe8be4d000 	C:\WINDOWS\System32\KERNEL32.DLL
0x00007ffe89c40000 - 0x00007ffe89f0d000 	C:\WINDOWS\System32\KERNELBASE.dll
0x00007ffe89b10000 - 0x00007ffe89c10000 	C:\WINDOWS\System32\ucrtbase.dll
0x00007ffe6d1b0000 - 0x00007ffe6d1c8000 	C:\Program Files\Java\jdk-18.0.1.1\bin\jli.dll
0x00007ffe8bcd0000 - 0x00007ffe8bd7e000 	C:\WINDOWS\System32\ADVAPI32.dll
0x00007ffe8bc30000 - 0x00007ffe8bcce000 	C:\WINDOWS\System32\msvcrt.dll
0x00007ffe8b360000 - 0x00007ffe8b3fc000 	C:\WINDOWS\System32\sechost.dll
0x00007ffe89f40000 - 0x00007ffe8a065000 	C:\WINDOWS\System32\RPCRT4.dll
0x00007ffe8b4b0000 - 0x00007ffe8b650000 	C:\WINDOWS\System32\USER32.dll
0x00007ffe89f10000 - 0x00007ffe89f32000 	C:\WINDOWS\System32\win32u.dll
0x00007ffe8aa30000 - 0x00007ffe8aa5a000 	C:\WINDOWS\System32\GDI32.dll
0x00007ffe89850000 - 0x00007ffe8995b000 	C:\WINDOWS\System32\gdi32full.dll
0x00007ffe897b0000 - 0x00007ffe8984d000 	C:\WINDOWS\System32\msvcp_win.dll
0x00007ffe3bb10000 - 0x00007ffe3bb2a000 	C:\Program Files\Java\jdk-18.0.1.1\bin\VCRUNTIME140.dll
0x00007ffe79660000 - 0x00007ffe798fa000 	C:\WINDOWS\WinSxS\amd64_microsoft.windows.common-controls_6595b64144ccf1df_6.0.19041.1110_none_60b5254171f9507e\COMCTL32.dll
0x00007ffe7b660000 - 0x00007ffe7b66a000 	C:\WINDOWS\SYSTEM32\VERSION.dll
0x00007ffe8a070000 - 0x00007ffe8a0a0000 	C:\WINDOWS\System32\IMM32.DLL
0x00007ffe6a040000 - 0x00007ffe6a04c000 	C:\Program Files\Java\jdk-18.0.1.1\bin\vcruntime140_1.dll
0x00007ffe26220000 - 0x00007ffe262ad000 	C:\Program Files\Java\jdk-18.0.1.1\bin\msvcp140.dll
0x00007ffe14410000 - 0x00007ffe15020000 	C:\Program Files\Java\jdk-18.0.1.1\bin\server\jvm.dll
0x00007ffe8bd80000 - 0x00007ffe8bd88000 	C:\WINDOWS\System32\PSAPI.DLL
0x00007ffe6fcc0000 - 0x00007ffe6fcc9000 	C:\WINDOWS\SYSTEM32\WSOCK32.dll
0x00007ffe8a190000 - 0x00007ffe8a1fb000 	C:\WINDOWS\System32\WS2_32.dll
0x00007ffe6c0a0000 - 0x00007ffe6c0c7000 	C:\WINDOWS\SYSTEM32\WINMM.dll
0x00007ffe87410000 - 0x00007ffe87422000 	C:\WINDOWS\SYSTEM32\kernel.appcore.dll
0x00007ffe69f70000 - 0x00007ffe69f7a000 	C:\Program Files\Java\jdk-18.0.1.1\bin\jimage.dll
0x00007ffe6ea70000 - 0x00007ffe6ec54000 	C:\WINDOWS\SYSTEM32\DBGHELP.DLL
0x00007ffe6e8a0000 - 0x00007ffe6e8cc000 	C:\WINDOWS\SYSTEM32\dbgcore.DLL
0x00007ffe89670000 - 0x00007ffe896f2000 	C:\WINDOWS\System32\bcryptPrimitives.dll
0x00007ffe3b7d0000 - 0x00007ffe3b7f5000 	C:\Program Files\Java\jdk-18.0.1.1\bin\java.dll
0x00007ffe17590000 - 0x00007ffe17666000 	C:\Program Files\Java\jdk-18.0.1.1\bin\jsvml.dll
0x00007ffe8ac10000 - 0x00007ffe8b354000 	C:\WINDOWS\System32\SHELL32.dll
0x00007ffe87720000 - 0x00007ffe87eb4000 	C:\WINDOWS\SYSTEM32\windows.storage.dll
0x00007ffe8b8d0000 - 0x00007ffe8bc24000 	C:\WINDOWS\System32\combase.dll
0x00007ffe88f90000 - 0x00007ffe88fbc000 	C:\WINDOWS\SYSTEM32\Wldp.dll
0x00007ffe8b400000 - 0x00007ffe8b4ad000 	C:\WINDOWS\System32\SHCORE.dll
0x00007ffe8a0c0000 - 0x00007ffe8a115000 	C:\WINDOWS\System32\shlwapi.dll
0x00007ffe89540000 - 0x00007ffe8955f000 	C:\WINDOWS\SYSTEM32\profapi.dll
0x00007ffe3bab0000 - 0x00007ffe3bac3000 	C:\Program Files\Java\jdk-18.0.1.1\bin\net.dll
0x00007ffe802e0000 - 0x00007ffe803ea000 	C:\WINDOWS\SYSTEM32\WINHTTP.dll
0x00007ffe88cf0000 - 0x00007ffe88d5a000 	C:\WINDOWS\system32\mswsock.dll
0x00007ffe27340000 - 0x00007ffe27356000 	C:\Program Files\Java\jdk-18.0.1.1\bin\nio.dll
0x00007ffe26200000 - 0x00007ffe26218000 	C:\Program Files\Java\jdk-18.0.1.1\bin\zip.dll
0x00007ffe5bee0000 - 0x00007ffe5bef0000 	C:\Program Files\Java\jdk-18.0.1.1\bin\verify.dll
0x00007ffe5ba50000 - 0x00007ffe5ba59000 	C:\Program Files\Java\jdk-18.0.1.1\bin\management.dll
0x00007ffe5b9e0000 - 0x00007ffe5b9eb000 	C:\Program Files\Java\jdk-18.0.1.1\bin\management_ext.dll
0x00007ffe6f3e0000 - 0x00007ffe6f3f7000 	C:\WINDOWS\system32\napinsp.dll
0x00007ffe6f6f0000 - 0x00007ffe6f70b000 	C:\WINDOWS\system32\pnrpnsp.dll
0x00007ffe6f6d0000 - 0x00007ffe6f6e5000 	C:\WINDOWS\system32\wshbth.dll
0x00007ffe85060000 - 0x00007ffe8507d000 	C:\WINDOWS\system32\NLAapi.dll
0x00007ffe889e0000 - 0x00007ffe88a1b000 	C:\WINDOWS\SYSTEM32\IPHLPAPI.DLL
0x00007ffe88a30000 - 0x00007ffe88afb000 	C:\WINDOWS\SYSTEM32\DNSAPI.dll
0x00007ffe8a180000 - 0x00007ffe8a188000 	C:\WINDOWS\System32\NSI.dll
0x00007ffe6f5f0000 - 0x00007ffe6f602000 	C:\WINDOWS\System32\winrnr.dll
0x00007ffe7e880000 - 0x00007ffe7e88a000 	C:\Windows\System32\rasadhlp.dll
0x00007ffe7ea90000 - 0x00007ffe7eb10000 	C:\WINDOWS\System32\fwpuclnt.dll
0x00007ffe89c10000 - 0x00007ffe89c37000 	C:\WINDOWS\System32\bcrypt.dll
0x00007ffe88ee0000 - 0x00007ffe88ef8000 	C:\WINDOWS\SYSTEM32\CRYPTSP.dll
0x00007ffe88670000 - 0x00007ffe886a4000 	C:\WINDOWS\system32\rsaenh.dll
0x00007ffe89500000 - 0x00007ffe8952e000 	C:\WINDOWS\SYSTEM32\USERENV.dll
0x00007ffe88f00000 - 0x00007ffe88f0c000 	C:\WINDOWS\SYSTEM32\CRYPTBASE.dll
0x00007ffe83ac0000 - 0x00007ffe83ad7000 	C:\WINDOWS\SYSTEM32\dhcpcsvc6.DLL
0x00007ffe83aa0000 - 0x00007ffe83abd000 	C:\WINDOWS\SYSTEM32\dhcpcsvc.DLL
0x00007ffe5b840000 - 0x00007ffe5b84e000 	C:\Program Files\Java\jdk-18.0.1.1\bin\sunmscapi.dll
0x00007ffe89960000 - 0x00007ffe89ab6000 	C:\WINDOWS\System32\CRYPT32.dll
0x00007ffe89000000 - 0x00007ffe89027000 	C:\WINDOWS\SYSTEM32\ncrypt.dll
0x00007ffe88fc0000 - 0x00007ffe88ffb000 	C:\WINDOWS\SYSTEM32\NTASN1.dll

dbghelp: loaded successfully - version: 4.0.5 - missing functions: none
symbol engine: initialized successfully - sym options: 0x614 - pdb path: .;C:\Program Files\Java\jdk-18.0.1.1\bin;C:\WINDOWS\SYSTEM32;C:\WINDOWS\WinSxS\amd64_microsoft.windows.common-controls_6595b64144ccf1df_6.0.19041.1110_none_60b5254171f9507e;C:\Program Files\Java\jdk-18.0.1.1\bin\server

VM Arguments:
jvm_args: -Dfile.encoding=UTF-8 -XX:+ShowCodeDetailsInExceptionMessages 
java_command: com.mindgate.main._Spring_Boot_API.Application
java_class_path (initial): C:\Users\admin\Downloads\01_Spring_Boot_API\01_Spring_Boot_API\target\classes;C:\Users\admin\.m2\repository\org\springframework\boot\spring-boot-starter-data-jdbc\2.7.3\spring-boot-starter-data-jdbc-2.7.3.jar;C:\Users\admin\.m2\repository\org\springframework\boot\spring-boot-starter-jdbc\2.7.3\spring-boot-starter-jdbc-2.7.3.jar;C:\Users\admin\.m2\repository\com\zaxxer\HikariCP\4.0.3\HikariCP-4.0.3.jar;C:\Users\admin\.m2\repository\org\springframework\spring-jdbc\5.3.22\spring-jdbc-5.3.22.jar;C:\Users\admin\.m2\repository\org\springframework\data\spring-data-jdbc\2.4.2\spring-data-jdbc-2.4.2.jar;C:\Users\admin\.m2\repository\org\springframework\data\spring-data-relational\2.4.2\spring-data-relational-2.4.2.jar;C:\Users\admin\.m2\repository\org\springframework\data\spring-data-commons\2.7.2\spring-data-commons-2.7.2.jar;C:\Users\admin\.m2\repository\org\springframework\spring-tx\5.3.22\spring-tx-5.3.22.jar;C:\Users\admin\.m2\repository\org\springframework\spring-context\5.3.22\spring-context-5.3.22.jar;C:\Users\admin\.m2\repository\org\springframework\spring-beans\5.3.22\spring-beans-5.3.22.jar;C:\Users\admin\.m2\repository\org\slf4j\slf4j-api\1.7.36\slf4j-api-1.7.36.jar;C:\Users\admin\.m2\repository\org\springframework\boot\spring-boot-starter-web\2.7.3\spring-boot-starter-web-2.7.3.jar;C:\Users\admin\.m2\repository\org\springframework\boot\spring-boot-starter\2.7.3\spring-boot-starter-2.7.3.jar;C:\Users\admin\.m2\repository\org\springframework\boot\spring-boot-starter-logging\2.7.3\spring-boot-starter-logging-2.7.3.jar;C:\Users\admin\.m2\repository\ch\qos\logback\logback-classic\1.2.11\logback-classic-1.2.11.jar;C:\Users\admin\.m2\repository\ch\qos\logback\logback-core\1.2.11\logback-core-1.2.11.jar;C:\Users\admin\.m2\repository\org\apache\logging\log4j\log4j-to-slf4j\2.17.2\log4j-to-slf4j-2.17.2.jar;C:\Users\admin\.m2\repository\org\apache\logging\log4j\log4j-api\2.17.2\log4j-api-2.17.2.jar;C:\Users\admin\.m2\repository\org\slf4j\jul-to-slf4j\1.7.36\jul-to-slf4j-1.7.36.jar;C:\Users\admin\.m2\repository\jakarta\annotation\jakarta.annotation-api\1.3.5\jakarta.annotation-api-1.3.5.jar;C:\Users\admin\.m2\repository\org\yaml\snakeyaml\1.30\snakeyaml-1.30.jar;C:\Users\admin\.m2\repository\org\springframework\boot\spring-boot-starter-json\2.7.3\spring-boot-starter-json-2.7.3.jar;C:\Users\admin\.m2\repository\com\fasterxml\jackson\core\jackson-databind\2.13.3\jackson-databind-2.13.3.jar;C:\Users\admin\.m2\repository\com\fasterxml\jackson\core\jackson-annotations\2.13.3\jackson-annotations-2.13.3.jar;C:\Users\admin\.m2\repository\com\fasterxml\jackson\core\jackson-core\2.13.3\jackson-core-2.13.3.jar;C:\Users\admin\.m2\repository\com\fasterxml\jackson\datatype\jackson-datatype-jdk8\2.13.3\jackson-datatype-jdk8-2.13.3.jar;C:\Users\admin\.m2\repository\com\fasterxml\jackson\datatype\jackson-datatype-jsr310\2.13.3\jackson-datatype-jsr310-2.13.3.jar;C:\Users\admin\.m2\repository\com\fasterxml\jackson\module\jackson-module-parameter-names\2.13.3\jackson-module-parameter-names-2.13.3.jar;C:\Users\admin\.m2\repository\org\springframework\boot\spring-boot-starter-tomcat\2.7.3\spring-boot-starter-tomcat-2.7.3.jar;C:\Users\admin\.m2\repository\org\apache\tomcat\embed\tomcat-embed-core\9.0.65\tomcat-embed-core-9.0.65.jar;C:\Users\admin\.m2\repository\org\apache\tomcat\embed\tomcat-embed-el\9.0.65\tomcat-embed-el-9.0.65.jar;C:\Users\admin\.m2\repository\org\apache\tomcat\embed\tomcat-embed-websocket\9.0.65\tomcat-embed-websocket-9.0.65.jar;C:\Users\admin\.m2\repository\org\springframework\spring-web\5.3.22\spring-web-5.3.22.jar;C:\Users\admin\.m2\repository\org\springframework\spring-webmvc\5.3.22\spring-webmvc-5.3.22.jar;C:\Users\admin\.m2\repository\org\springframework\spring-aop\5.3.22\spring-aop-5.3.22.jar;C:\Users\admin\.m2\repository\org\springframework\spring-expression\5.3.22\spring-expression-5.3.22.jar;C:\Users\admin\.m2\repository\org\springframework\boot\spring-boot-devtools\2.7.3\spring-boot-devtools-2.7.3.jar;C:\Users\admin\.m2\repository\org\springframework\boot\spring-boot\2.7.3\spring-boot-2.7.3.jar;C:\Users\admin\.m2\repository\org\springframework\boot\spring-boot-autoconfigure\2.7.3\spring-boot-autoconfigure-2.7.3.jar;C:\Users\admin\.m2\repository\com\oracle\database\jdbc\ojdbc8\21.5.0.0\ojdbc8-21.5.0.0.jar;C:\Users\admin\.m2\repository\org\springframework\spring-core\5.3.22\spring-core-5.3.22.jar;C:\Users\admin\.m2\repository\org\springframework\spring-jcl\5.3.22\spring-jcl-5.3.22.jar
Launcher Type: SUN_STANDARD

[Global flags]
     intx CICompilerCount                          = 3                                         {product} {ergonomic}
     uint ConcGCThreads                            = 1                                         {product} {ergonomic}
     uint G1ConcRefinementThreads                  = 4                                         {product} {ergonomic}
   size_t G1HeapRegionSize                         = 2097152                                   {product} {ergonomic}
    uintx GCDrainStackTargetSize                   = 64                                        {product} {ergonomic}
   size_t InitialHeapSize                          = 268435456                                 {product} {ergonomic}
   size_t MarkStackSize                            = 4194304                                   {product} {ergonomic}
   size_t MaxHeapSize                              = 4265607168                                {product} {ergonomic}
   size_t MaxNewSize                               = 2558525440                                {product} {ergonomic}
   size_t MinHeapDeltaBytes                        = 2097152                                   {product} {ergonomic}
   size_t MinHeapSize                              = 8388608                                   {product} {ergonomic}
    uintx NonNMethodCodeHeapSize                   = 5832780                                {pd product} {ergonomic}
    uintx NonProfiledCodeHeapSize                  = 122912730                              {pd product} {ergonomic}
    uintx ProfiledCodeHeapSize                     = 122912730                              {pd product} {ergonomic}
    uintx ReservedCodeCacheSize                    = 251658240                              {pd product} {ergonomic}
     bool SegmentedCodeCache                       = true                                      {product} {ergonomic}
     bool ShowCodeDetailsInExceptionMessages       = true                                   {manageable} {command line}
   size_t SoftMaxHeapSize                          = 4265607168                             {manageable} {ergonomic}
     bool UseCompressedClassPointers               = true                           {product lp64_product} {ergonomic}
     bool UseCompressedOops                        = true                           {product lp64_product} {ergonomic}
     bool UseG1GC                                  = true                                      {product} {ergonomic}
     bool UseLargePagesIndividualAllocation        = false                                  {pd product} {ergonomic}

Logging:
Log output configuration:
 #0: stdout all=warning uptime,level,tags foldmultilines=false
 #1: stderr all=off uptime,level,tags foldmultilines=false

Environment Variables:
JAVA_HOME=C:\Program Files\Java\jdk-18.0.1.1
PATH=C:/Users/admin/Downloads/eclipse-jee-2022-03-R-win32-x86_64/eclipse//plugins/org.eclipse.justj.openjdk.hotspot.jre.full.win32.x86_64_17.0.2.v20220201-1208/jre/bin/server;C:/Users/admin/Downloads/eclipse-jee-2022-03-R-win32-x86_64/eclipse//plugins/org.eclipse.justj.openjdk.hotspot.jre.full.win32.x86_64_17.0.2.v20220201-1208/jre/bin;C:\app\admin\product\21c\dbhomeXE\bin;C:\Program Files\Common Files\Oracle\Java\javapath;C:\WINDOWS\system32;C:\WINDOWS;C:\WINDOWS\System32\Wbem;C:\WINDOWS\System32\WindowsPowerShell\v1.0\;C:\Program Files\nodejs\;C:\WINDOWS\System32\OpenSSH\;C:\Users\admin\AppData\Roaming\npm;C:\Users\admin\AppData\Local\Programs\Microsoft VS Code\bin;C:\Users\admin\AppData\Local\Microsoft\WindowsApps;;C:\Users\admin\Downloads\eclipse-jee-2022-03-R-win32-x86_64\eclipse;
USERNAME=admin
OS=Windows_NT
PROCESSOR_IDENTIFIER=Intel64 Family 6 Model 60 Stepping 3, GenuineIntel



---------------  S Y S T E M  ---------------

OS:
 Windows 10 , 64 bit Build 19041 (10.0.19041.1706)
OS uptime: 0 days 6:48 hours

CPU: total 4 (initial active 4) (4 cores per cpu, 1 threads per core) family 6 model 60 stepping 3 microcode 0x27, cx8, cmov, fxsr, mmx, sse, sse2, sse3, ssse3, sse4.1, sse4.2, popcnt, lzcnt, tsc, tscinvbit, avx, avx2, aes, erms, clmul, bmi1, bmi2, fma, vzeroupper, clflush

Memory: 4k page, system-wide physical 16271M (6439M free)
TotalPageFile size 18703M (AvailPageFile size 6572M)
current process WorkingSet (physical memory assigned to process): 192M, peak: 211M
current process commit charge ("private bytes"): 223M, peak: 398M

vm_info: Java HotSpot(TM) 64-Bit Server VM (18.0.1.1+2-6) for windows-amd64 JRE (18.0.1.1+2-6), built on Apr 25 2022 21:53:15 by "mach5one" with MS VC++ 16.8 / 16.9 (VS2019)

END.
